<?xml version="1.0" encoding="UTF-8"?>
<Site BuildName="(empty)"
	BuildStamp="20250707-0804-Experimental"
	Name="(empty)"
	Generator="ctest-4.0.2"
	CompilerName=""
	CompilerVersion=""
	OSName="macOS"
	Hostname="MacBook-Pro-von-Tom.local"
	OSRelease="15.5"
	OSVersion="24F74"
	OSPlatform="arm64"
	Is64Bits="1"
	VendorString="Apple"
	VendorID="Apple"
	FamilyID="0"
	ModelID="0"
	ModelName="Apple M3"
	ProcessorCacheSize="131072"
	NumberOfLogicalCPU="8"
	NumberOfPhysicalCPU="8"
	TotalVirtualMemory="2048"
	TotalPhysicalMemory="16384"
	LogicalProcessorsPerPhysical="8"
	ProcessorClockFrequency="0"
	>
	<Testing>
		<StartDateTime>Jul 08 22:34 CEST</StartDateTime>
		<StartTestTime>1752006841</StartTestTime>
		<TestList/>
		<EndDateTime>Jul 08 22:34 CEST</EndDateTime>
		<EndTestTime>1752006841</EndTestTime>
		<ElapsedMinutes>0</ElapsedMinutes>
	</Testing>
</Site>
